<?xml version="1.0" encoding="UTF-8"?>
<!-- Generated by org.testng.reporters.JUnitXMLReporter -->
<testsuite ignored="0" hostname="DESKTOP-4OM7176" failures="0" tests="2" name="Command line test" time="90.31" errors="0" timestamp="2023-01-18T12:27:20 EET">
  <testcase classname="com.epam.uitafpractice.test.GCloudPricingCalculatorTest" name="pricingCalculatorFromTest" time="15.309"/>
  <testcase classname="com.epam.uitafpractice.test.GCloudSearchTest" name="searchForPricingCalculatorTest" time="25.465"/>
</testsuite> <!-- Command line test -->
