<?xml version="1.0" encoding="UTF-8"?>
<testng-results ignored="0" total="2" passed="2" failed="0" skipped="0">
  <reporter-output>
  </reporter-output>
  <suite started-at="2023-01-18T12:25:50 EET" name="Command line suite" finished-at="2023-01-18T12:27:20 EET" duration-ms="90310">
    <groups>
    </groups>
    <test started-at="2023-01-18T12:25:50 EET" name="Command line test" finished-at="2023-01-18T12:27:20 EET" duration-ms="90310">
      <class name="com.epam.uitafpractice.test.GCloudPricingCalculatorTest">
        <test-method is-config="true" signature="setUp()[pri:0, instance:com.epam.uitafpractice.test.GCloudPricingCalculatorTest@7c6908d7]" started-at="2023-01-18T12:25:50 EET" name="setUp" finished-at="2023-01-18T12:26:21 EET" duration-ms="31026" status="PASS">
          <reporter-output>
          </reporter-output>
        </test-method> <!-- setUp -->
        <test-method signature="pricingCalculatorFromTest()[pri:0, instance:com.epam.uitafpractice.test.GCloudPricingCalculatorTest@7c6908d7]" started-at="2023-01-18T12:26:21 EET" name="pricingCalculatorFromTest" finished-at="2023-01-18T12:26:36 EET" duration-ms="15309" status="PASS">
          <reporter-output>
          </reporter-output>
        </test-method> <!-- pricingCalculatorFromTest -->
        <test-method is-config="true" signature="stopBrowser()[pri:0, instance:com.epam.uitafpractice.test.GCloudPricingCalculatorTest@7c6908d7]" started-at="2023-01-18T12:26:36 EET" name="stopBrowser" finished-at="2023-01-18T12:26:37 EET" duration-ms="1168" status="PASS">
          <reporter-output>
          </reporter-output>
        </test-method> <!-- stopBrowser -->
      </class> <!-- com.epam.uitafpractice.test.GCloudPricingCalculatorTest -->
      <class name="com.epam.uitafpractice.test.GCloudSearchTest">
        <test-method is-config="true" signature="setUp()[pri:0, instance:com.epam.uitafpractice.test.GCloudSearchTest@561b6512]" started-at="2023-01-18T12:26:37 EET" name="setUp" finished-at="2023-01-18T12:26:53 EET" duration-ms="15734" status="PASS">
          <reporter-output>
          </reporter-output>
        </test-method> <!-- setUp -->
        <test-method signature="searchForPricingCalculatorTest()[pri:0, instance:com.epam.uitafpractice.test.GCloudSearchTest@561b6512]" started-at="2023-01-18T12:26:53 EET" name="searchForPricingCalculatorTest" finished-at="2023-01-18T12:27:18 EET" duration-ms="25465" status="PASS">
          <reporter-output>
          </reporter-output>
        </test-method> <!-- searchForPricingCalculatorTest -->
        <test-method is-config="true" signature="stopBrowser()[pri:0, instance:com.epam.uitafpractice.test.GCloudSearchTest@561b6512]" started-at="2023-01-18T12:27:18 EET" name="stopBrowser" finished-at="2023-01-18T12:27:20 EET" duration-ms="1542" status="PASS">
          <reporter-output>
          </reporter-output>
        </test-method> <!-- stopBrowser -->
      </class> <!-- com.epam.uitafpractice.test.GCloudSearchTest -->
    </test> <!-- Command line test -->
  </suite> <!-- Command line suite -->
</testng-results>
